2022-07-26 12:11:07.561 INFO  com.mixiao.mssm.MssmApplication                   :55   [32m                  [0;39m Starting MssmApplication using Java 1.8.0_241 on WIN-FONSDMID9MN with PID 7716 (D:\A-桌面\ms\target\classes started by Administrator in D:\A-桌面\ms)
2022-07-26 12:11:07.568 INFO  com.mixiao.mssm.MssmApplication                   :660  [32m                  [0;39m No active profile set, falling back to default profiles: default
2022-07-26 12:11:09.150 WARN  org.mybatis.spring.mapper.ClassPathMapperScanner  :44   [32m                  [0;39m No MyBatis mapper was found in '[com.mixiao.mssm]' package. Please check your configuration.
2022-07-26 12:11:09.772 INFO  o.s.boot.web.embedded.tomcat.TomcatWebServer      :108  [32m                  [0;39m Tomcat initialized with port(s): 8080 (http)
2022-07-26 12:11:09.786 INFO  org.apache.coyote.http11.Http11NioProtocol        :173  [32m                  [0;39m Initializing ProtocolHandler ["http-nio-8080"]
2022-07-26 12:11:09.787 INFO  org.apache.catalina.core.StandardService          :173  [32m                  [0;39m Starting service [Tomcat]
2022-07-26 12:11:09.787 INFO  org.apache.catalina.core.StandardEngine           :173  [32m                  [0;39m Starting Servlet engine: [Apache Tomcat/9.0.39]
2022-07-26 12:11:09.986 INFO  o.a.c.core.ContainerBase.[Tomcat].[localhost].[/] :173  [32m                  [0;39m Initializing Spring embedded WebApplicationContext
2022-07-26 12:11:09.987 INFO  o.s.b.w.s.c.ServletWebServerApplicationContext    :289  [32m                  [0;39m Root WebApplicationContext: initialization completed in 1655 ms
2022-07-26 12:11:10.267 INFO  o.s.scheduling.concurrent.ThreadPoolTaskExecutor  :181  [32m                  [0;39m Initializing ExecutorService 'applicationTaskExecutor'
2022-07-26 12:11:10.818 INFO  org.apache.coyote.http11.Http11NioProtocol        :173  [32m                  [0;39m Starting ProtocolHandler ["http-nio-8080"]
2022-07-26 12:11:10.840 INFO  o.s.boot.web.embedded.tomcat.TomcatWebServer      :220  [32m                  [0;39m Tomcat started on port(s): 8080 (http) with context path ''
2022-07-26 12:11:10.855 INFO  com.mixiao.mssm.MssmApplication                   :61   [32m                  [0;39m Started MssmApplication in 4.272 seconds (JVM running for 6.436)
2022-07-26 12:12:06.907 INFO  com.mixiao.mssm.MssmApplication                   :55   [32m                  [0;39m Starting MssmApplication using Java 1.8.0_241 on WIN-FONSDMID9MN with PID 9620 (D:\A-桌面\ms\target\classes started by Administrator in D:\A-桌面\ms)
2022-07-26 12:12:06.914 INFO  com.mixiao.mssm.MssmApplication                   :660  [32m                  [0;39m No active profile set, falling back to default profiles: default
2022-07-26 12:12:07.931 WARN  org.mybatis.spring.mapper.ClassPathMapperScanner  :44   [32m                  [0;39m No MyBatis mapper was found in '[com.mixiao.mssm]' package. Please check your configuration.
2022-07-26 12:12:08.649 INFO  o.s.boot.web.embedded.tomcat.TomcatWebServer      :108  [32m                  [0;39m Tomcat initialized with port(s): 8080 (http)
2022-07-26 12:12:08.661 INFO  org.apache.coyote.http11.Http11NioProtocol        :173  [32m                  [0;39m Initializing ProtocolHandler ["http-nio-8080"]
2022-07-26 12:12:08.662 INFO  org.apache.catalina.core.StandardService          :173  [32m                  [0;39m Starting service [Tomcat]
2022-07-26 12:12:08.663 INFO  org.apache.catalina.core.StandardEngine           :173  [32m                  [0;39m Starting Servlet engine: [Apache Tomcat/9.0.39]
2022-07-26 12:12:08.847 INFO  o.a.c.core.ContainerBase.[Tomcat].[localhost].[/] :173  [32m                  [0;39m Initializing Spring embedded WebApplicationContext
2022-07-26 12:12:08.848 INFO  o.s.b.w.s.c.ServletWebServerApplicationContext    :289  [32m                  [0;39m Root WebApplicationContext: initialization completed in 1865 ms
2022-07-26 12:12:09.102 INFO  o.s.scheduling.concurrent.ThreadPoolTaskExecutor  :181  [32m                  [0;39m Initializing ExecutorService 'applicationTaskExecutor'
2022-07-26 12:12:09.465 INFO  org.apache.coyote.http11.Http11NioProtocol        :173  [32m                  [0;39m Starting ProtocolHandler ["http-nio-8080"]
2022-07-26 12:12:09.486 INFO  o.s.boot.web.embedded.tomcat.TomcatWebServer      :220  [32m                  [0;39m Tomcat started on port(s): 8080 (http) with context path ''
2022-07-26 12:12:09.500 INFO  com.mixiao.mssm.MssmApplication                   :61   [32m                  [0;39m Started MssmApplication in 3.27 seconds (JVM running for 4.989)
